-------------------------------------------------------------------------------
Test set: Login to Smart Bear Products individual sites #1
-------------------------------------------------------------------------------
Tests run: 6, Failures: 0, Errors: 6, Skipped: 0, Time elapsed: 0.297 s <<< FAILURE! - in Login to Smart Bear Products individual sites #1
As a Smart Bear user I shall be able to visit to each offered Products Login site #1(Login to Smart Bear Products individual sites #1)  Time elapsed: 0.266 s  <<< ERROR!
java.lang.NullPointerException

As a Smart Bear user I shall be able to visit to each offered Products Login site #1(Login to Smart Bear Products individual sites #1)  Time elapsed: 0 s  <<< ERROR!
java.lang.NullPointerException

As a Smart Bear user I shall be able to visit to each offered Products Login site #2(Login to Smart Bear Products individual sites #1)  Time elapsed: 0.015 s  <<< ERROR!
java.lang.NullPointerException

As a Smart Bear user I shall be able to visit to each offered Products Login site #2(Login to Smart Bear Products individual sites #1)  Time elapsed: 0 s  <<< ERROR!
java.lang.NullPointerException

As a Smart Bear user I shall be able to visit to each offered Products Login site #3(Login to Smart Bear Products individual sites #1)  Time elapsed: 0.016 s  <<< ERROR!
java.lang.NullPointerException

As a Smart Bear user I shall be able to visit to each offered Products Login site #3(Login to Smart Bear Products individual sites #1)  Time elapsed: 0 s  <<< ERROR!
java.lang.NullPointerException

