<?xml version="1.0" encoding="UTF-8"?>
<testsuite xmlns:xsi="http://www.w3.org/2001/XMLSchema-instance" xsi:noNamespaceSchemaLocation="https://maven.apache.org/surefire/maven-surefire-plugin/xsd/surefire-test-report.xsd" name="Login to A Single Smart Bear Product individual site" time="24.324" tests="1" errors="0" skipped="0" failures="0">
  <properties>
[...]
</properties>
  <testcase name="As a Smart Bear user I shall be able to visit to a given offered Product Login site" classname="Login to A Single Smart Bear Product individual site" time="24.324"/>
</testsuite>